[2024-06-01 10:14:11Z INFO HostContext] No proxy settings were found based on environmental variables (http_proxy/https_proxy/HTTP_PROXY/HTTPS_PROXY)
[2024-06-01 10:14:11Z INFO HostContext] Well known directory 'Bin': 'C:\Users\kolya\IdeaProjects\DevOps\actions-runner\bin'
[2024-06-01 10:14:11Z INFO HostContext] Well known directory 'Root': 'C:\Users\kolya\IdeaProjects\DevOps\actions-runner'
[2024-06-01 10:14:11Z INFO HostContext] Well known config file 'Credentials': 'C:\Users\kolya\IdeaProjects\DevOps\actions-runner\.credentials'
[2024-06-01 10:14:11Z INFO HostContext] Well known directory 'Bin': 'C:\Users\kolya\IdeaProjects\DevOps\actions-runner\bin'
[2024-06-01 10:14:11Z INFO HostContext] Well known directory 'Root': 'C:\Users\kolya\IdeaProjects\DevOps\actions-runner'
[2024-06-01 10:14:11Z INFO HostContext] Well known config file 'Runner': 'C:\Users\kolya\IdeaProjects\DevOps\actions-runner\.runner'
[2024-06-01 10:14:11Z INFO Listener] Runner is built for Windows (X64) - win-x64.
[2024-06-01 10:14:11Z INFO Listener] RuntimeInformation: Microsoft Windows 10.0.19045.
[2024-06-01 10:14:11Z INFO Listener] Version: 2.316.1
[2024-06-01 10:14:11Z INFO Listener] Commit: 9ac138d10eac15c71493f004f1b1bc919ead40de
[2024-06-01 10:14:11Z INFO Listener] Culture: ru-RU
[2024-06-01 10:14:11Z INFO Listener] UI Culture: ru-RU
[2024-06-01 10:14:11Z INFO HostContext] Well known directory 'Bin': 'C:\Users\kolya\IdeaProjects\DevOps\actions-runner\bin'
[2024-06-01 10:14:11Z INFO HostContext] Well known directory 'Root': 'C:\Users\kolya\IdeaProjects\DevOps\actions-runner'
[2024-06-01 10:14:11Z INFO Listener] Validating directory permissions for: 'C:\Users\kolya\IdeaProjects\DevOps\actions-runner'
[2024-06-01 10:14:11Z INFO CommandLineParser] Parse
[2024-06-01 10:14:11Z INFO CommandLineParser] Parsing 1 args
[2024-06-01 10:14:11Z INFO CommandLineParser] parsing argument
[2024-06-01 10:14:11Z INFO CommandLineParser] HasArgs: False
[2024-06-01 10:14:11Z INFO CommandLineParser] Adding Command: run
[2024-06-01 10:14:11Z INFO Listener] Arguments parsed
[2024-06-01 10:14:11Z INFO Runner] ExecuteCommand
[2024-06-01 10:14:11Z INFO ConfigurationStore] currentAssemblyLocation: C:\Users\kolya\IdeaProjects\DevOps\actions-runner\bin\Runner.Listener.dll
[2024-06-01 10:14:11Z INFO HostContext] Well known directory 'Bin': 'C:\Users\kolya\IdeaProjects\DevOps\actions-runner\bin'
[2024-06-01 10:14:11Z INFO ConfigurationStore] binPath: C:\Users\kolya\IdeaProjects\DevOps\actions-runner\bin
[2024-06-01 10:14:11Z INFO HostContext] Well known directory 'Bin': 'C:\Users\kolya\IdeaProjects\DevOps\actions-runner\bin'
[2024-06-01 10:14:11Z INFO HostContext] Well known directory 'Root': 'C:\Users\kolya\IdeaProjects\DevOps\actions-runner'
[2024-06-01 10:14:11Z INFO ConfigurationStore] RootFolder: C:\Users\kolya\IdeaProjects\DevOps\actions-runner
[2024-06-01 10:14:11Z INFO HostContext] Well known directory 'Bin': 'C:\Users\kolya\IdeaProjects\DevOps\actions-runner\bin'
[2024-06-01 10:14:11Z INFO HostContext] Well known directory 'Root': 'C:\Users\kolya\IdeaProjects\DevOps\actions-runner'
[2024-06-01 10:14:11Z INFO HostContext] Well known config file 'Runner': 'C:\Users\kolya\IdeaProjects\DevOps\actions-runner\.runner'
[2024-06-01 10:14:11Z INFO ConfigurationStore] ConfigFilePath: C:\Users\kolya\IdeaProjects\DevOps\actions-runner\.runner
[2024-06-01 10:14:11Z INFO HostContext] Well known directory 'Bin': 'C:\Users\kolya\IdeaProjects\DevOps\actions-runner\bin'
[2024-06-01 10:14:11Z INFO HostContext] Well known directory 'Root': 'C:\Users\kolya\IdeaProjects\DevOps\actions-runner'
[2024-06-01 10:14:11Z INFO HostContext] Well known config file 'Credentials': 'C:\Users\kolya\IdeaProjects\DevOps\actions-runner\.credentials'
[2024-06-01 10:14:11Z INFO ConfigurationStore] CredFilePath: C:\Users\kolya\IdeaProjects\DevOps\actions-runner\.credentials
[2024-06-01 10:14:11Z INFO HostContext] Well known directory 'Bin': 'C:\Users\kolya\IdeaProjects\DevOps\actions-runner\bin'
[2024-06-01 10:14:11Z INFO HostContext] Well known directory 'Root': 'C:\Users\kolya\IdeaProjects\DevOps\actions-runner'
[2024-06-01 10:14:11Z INFO HostContext] Well known config file 'MigratedCredentials': 'C:\Users\kolya\IdeaProjects\DevOps\actions-runner\.credentials_migrated'
[2024-06-01 10:14:11Z INFO ConfigurationStore] MigratedCredFilePath: C:\Users\kolya\IdeaProjects\DevOps\actions-runner\.credentials_migrated
[2024-06-01 10:14:11Z INFO HostContext] Well known directory 'Bin': 'C:\Users\kolya\IdeaProjects\DevOps\actions-runner\bin'
[2024-06-01 10:14:11Z INFO HostContext] Well known directory 'Root': 'C:\Users\kolya\IdeaProjects\DevOps\actions-runner'
[2024-06-01 10:14:11Z INFO HostContext] Well known config file 'Service': 'C:\Users\kolya\IdeaProjects\DevOps\actions-runner\.service'
[2024-06-01 10:14:11Z INFO ConfigurationStore] ServiceConfigFilePath: C:\Users\kolya\IdeaProjects\DevOps\actions-runner\.service
[2024-06-01 10:14:11Z INFO CommandSettings] Flag 'help': 'False'
[2024-06-01 10:14:11Z INFO CommandSettings] Flag 'version': 'False'
[2024-06-01 10:14:11Z INFO CommandSettings] Flag 'commit': 'False'
[2024-06-01 10:14:11Z INFO CommandSettings] Flag 'check': 'False'
[2024-06-01 10:14:11Z INFO CommandSettings] Command 'configure': 'False'
[2024-06-01 10:14:11Z INFO CommandSettings] Command 'remove': 'False'
[2024-06-01 10:14:11Z INFO CommandSettings] Command 'warmup': 'False'
[2024-06-01 10:14:11Z INFO ConfigurationManager] LoadSettings
[2024-06-01 10:14:11Z INFO ConfigurationStore] IsConfigured()
[2024-06-01 10:14:11Z INFO ConfigurationStore] IsConfigured: False
[2024-06-01 10:14:11Z INFO ConfigurationManager] Is configured: False
[2024-06-01 10:14:11Z ERR  Terminal] WRITE ERROR: An error occurred: Not configured. Run config.(sh/cmd) to configure the runner.
[2024-06-01 10:14:11Z ERR  Listener] GitHub.Runner.Common.NonRetryableException: Not configured. Run config.(sh/cmd) to configure the runner.
   at GitHub.Runner.Listener.Configuration.ConfigurationManager.LoadSettings()
   at GitHub.Runner.Listener.Runner.ExecuteCommand(CommandSettings command)
   at GitHub.Runner.Listener.Program.MainAsync(IHostContext context, String[] args)
